app/mailbox/build/outputs/mapping/debug/mapping.txt
# compiler: R8
# compiler_version: 1.5.69
# min_api: 21
# pg_map_id: a8c6bab
com.fsck.k9.Account -> com.fsck.k9.a:
    boolean syncRemoteDeletions -> d0
    java.lang.String description -> f
    com.fsck.k9.Account$SpecialFolderSelection trashFolderSelection -> x
    int idleRefreshMinutes -> O
    boolean goToUnreadMessageSearch -> P
    int automaticCheckIntervalMinutes -> h
    boolean replyAfterQuote -> b0
    long openPgpKey -> f0
    boolean isSignatureBeforeQuotedText -> L
    boolean messageReadReceipt -> X
    com.fsck.k9.Account$Expunge expungePolicy -> M
    java.lang.String sentFolder -> r
    java.util.List identities -> s0
    java.lang.String lastSelectedFolder -> r0
    com.fsck.k9.Account$FolderMode folderDisplayMode -> B
    java.util.Map sortAscending -> J
    boolean pushPollOnConnect -> G
    int maximumPolledMessageAge -> T
    java.lang.String transportUri -> e
    com.fsck.k9.Account$SpecialFolderSelection sentFolderSelection -> w
    boolean notifySelfNewMail -> n
    com.fsck.k9.Account$SortType DEFAULT_SORT_TYPE -> u0
    int displayCount -> i
    java.lang.String draftsFolder -> q
    java.lang.String spamFolder -> u
    int remoteSearchNumResults -> n0
    boolean changedVisibleLimits -> p0
    boolean alwaysShowCcBcc -> l0
    com.fsck.k9.Account$FolderMode folderSyncMode -> C
    boolean notifySync -> H
    int maximumAutoDownloadMessageSize -> U
    boolean openPgpHideSignOnly -> h0
    com.fsck.k9.NotificationSetting notificationSetting -> t0
    boolean openPgpEncryptAllDrafts -> j0
com.fsck.k9.Account$1 -> com.fsck.k9.a$a:
    int[] $SwitchMap$com$fsck$k9$Account$Expunge -> a
    47:47:void <clinit>() -> <clinit>
com.fsck.k9.Account$DeletePolicy -> com.fsck.k9.a$b:
    com.fsck.k9.Account$DeletePolicy MARK_AS_READ -> i
    com.fsck.k9.Account$DeletePolicy[] $VALUES -> j
    int setting -> e
    com.fsck.k9.Account$DeletePolicy SEVEN_DAYS -> g
    com.fsck.k9.Account$DeletePolicy ON_DELETE -> h
    com.fsck.k9.Account$DeletePolicy NEVER -> f
    58:57:void <clinit>() -> <clinit>
    65:67:void <init>(java.lang.String,int,int) -> <init>
    74:79:com.fsck.k9.Account$DeletePolicy fromInt(int) -> a
    57:57:com.fsck.k9.Account$DeletePolicy valueOf(java.lang.String) -> valueOf
    57:57:com.fsck.k9.Account$DeletePolicy[] values() -> values
com.fsck.k9.Account$Expunge -> com.fsck.k9.a$c:
    com.fsck.k9.Account$Expunge EXPUNGE_ON_POLL -> g
    com.fsck.k9.Account$Expunge EXPUNGE_MANUALLY -> f
    com.fsck.k9.Account$Expunge EXPUNGE_IMMEDIATELY -> e
    com.fsck.k9.Account$Expunge[] $VALUES -> h
    42:41:void <clinit>() -> <clinit>
    41:41:void <init>(java.lang.String,int) -> <init>
    47:48:com.fsck.k9.backend.api.SyncConfig$ExpungePolicy toBackendExpungePolicy() -> a
    41:41:com.fsck.k9.Account$Expunge valueOf(java.lang.String) -> valueOf
    41:41:com.fsck.k9.Account$Expunge[] values() -> values
com.fsck.k9.Account$FolderMode -> com.fsck.k9.a$d:
    com.fsck.k9.Account$FolderMode FIRST_AND_SECOND_CLASS -> h
    com.fsck.k9.Account$FolderMode FIRST_CLASS -> g
    com.fsck.k9.Account$FolderMode ALL -> f
    com.fsck.k9.Account$FolderMode NONE -> e
    com.fsck.k9.Account$FolderMode NOT_SECOND_CLASS -> i
    com.fsck.k9.Account$FolderMode[] $VALUES -> j
    214:213:void <clinit>() -> <clinit>
    213:213:void <init>(java.lang.String,int) -> <init>
    213:213:com.fsck.k9.Account$FolderMode valueOf(java.lang.String) -> valueOf
    213:213:com.fsck.k9.Account$FolderMode[] values() -> values
com.fsck.k9.Account$MessageFormat -> com.fsck.k9.a$e:
    com.fsck.k9.Account$MessageFormat TEXT -> e
    com.fsck.k9.Account$MessageFormat HTML -> f
    com.fsck.k9.Account$MessageFormat[] $VALUES -> h
    com.fsck.k9.Account$MessageFormat AUTO -> g
    235:234:void <clinit>() -> <clinit>
    234:234:void <init>(java.lang.String,int) -> <init>
    234:234:com.fsck.k9.Account$MessageFormat valueOf(java.lang.String) -> valueOf
    234:234:com.fsck.k9.Account$MessageFormat[] values() -> values
...
androidx.constraintlayout.motion.utils.Easing -> d.e.a.a.a:
    java.lang.String str -> a
    java.lang.String[] NAMED_EASING -> b
    29:40:void <clinit>() -> <clinit>
    28:30:void <init>() -> <init>
    73:73:java.lang.String toString() -> toString
androidx.constraintlayout.motion.widget.Debug -> d.e.a.b.a:
    84:87:java.lang.String getName(android.view.View) -> a
androidx.constraintlayout.solver.ArrayLinkedVariables -> d.e.b.a:
    int[] mArrayIndices -> f
    int[] mArrayNextIndices -> g
    androidx.constraintlayout.solver.ArrayRow mRow -> b
    int mLast -> j
    androidx.constraintlayout.solver.SolverVariable candidate -> e
    androidx.constraintlayout.solver.Cache mCache -> c
    boolean mDidFillOnce -> k
    float[] mArrayValues -> h
    int mHead -> i
    int ROW_SIZE -> d
    int currentSize -> a
    100:108:void <init>(androidx.constraintlayout.solver.ArrayRow,androidx.constraintlayout.solver.Cache) -> <init>
    117:213:void put(androidx.constraintlayout.solver.SolverVariable,float) -> a
    225:335:void add(androidx.constraintlayout.solver.SolverVariable,float,boolean) -> a
    345:378:float remove(androidx.constraintlayout.solver.SolverVariable,boolean) -> a
    385:399:void clear() -> a
    408:419:boolean containsKey(androidx.constraintlayout.solver.SolverVariable) -> a
    458:464:void divideByAmount(float) -> a
    491:491:boolean isNew(androidx.constraintlayout.solver.SolverVariable,androidx.constraintlayout.solver.LinearSystem) -> a
    506:570:androidx.constraintlayout.solver.SolverVariable chooseSubject(androidx.constraintlayout.solver.LinearSystem) -> a
    583:614:void updateFromRow(androidx.constraintlayout.solver.ArrayRow,androidx.constraintlayout.solver.ArrayRow,boolean) -> a
    626:660:void updateFromSystem(androidx.constraintlayout.solver.ArrayRow,androidx.constraintlayout.solver.ArrayRow[]) -> a
androidx.constraintlayout.solver.ArrayRow -> d.e.b.b:
    androidx.constraintlayout.solver.SolverVariable variable -> a
    androidx.constraintlayout.solver.ArrayLinkedVariables variables -> d
    boolean isSimpleDefinition -> e
    float constantValue -> b
    boolean used -> c
    33:35:void <init>(androidx.constraintlayout.solver.Cache) -> <init>
    133:149:androidx.constraintlayout.solver.ArrayRow createRowEquals(androidx.constraintlayout.solver.SolverVariable,androidx.constraintlayout.solver.SolverVariable,int) -> a
    153:154:androidx.constraintlayout.solver.ArrayRow addSingleError(androidx.constraintlayout.solver.SolverVariable,int) -> a
    160:178:androidx.constraintlayout.solver.ArrayRow createRowGreaterThan(androidx.constraintlayout.solver.SolverVariable,androidx.constraintlayout.solver.SolverVariable,androidx.constraintlayout.solver.SolverVariable,int) -> a
    215:243:androidx.constraintlayout.solver.ArrayRow createRowEqualMatchDimensions(float,float,float,androidx.constraintlayout.solver.SolverVariable,androidx.constraintlayout.solver.SolverVariable,androidx.constraintlayout.solver.SolverVariable,androidx.constraintlayout.solver.SolverVariable) -> a
    278:320:androidx.constraintlayout.solver.ArrayRow createRowCentering(androidx.constraintlayout.solver.SolverVariable,androidx.constraintlayout.solver.SolverVariable,int,float,androidx.constraintlayout.solver.SolverVariable,androidx.constraintlayout.solver.SolverVariable,int) -> a
androidx.constraintlayout.solver.Cache -> d.e.b.c:
    androidx.constraintlayout.solver.Pools$Pool solverVariablePool -> b
    androidx.constraintlayout.solver.Pools$Pool arrayRowPool -> a
    androidx.constraintlayout.solver.SolverVariable[] mIndexedVariables -> c
    21:24:void <init>() -> <init>
androidx.constraintlayout.solver.GoalRow -> d.e.b.d:
    22:23:void <init>(androidx.constraintlayout.solver.Cache) -> <init>
    27:31:void addError(androidx.constraintlayout.solver.SolverVariable) -> a